app/build/intermediates/manifest_merge_blame_file/debug/manifest-merger-blame-debug-report.txt
1<?xml version="1.0" encoding="utf-8"?>
2<manifest xmlns:android="http://schemas.android.com/apk/res/android"
3    package="com.example.baidumaptest"
4    android:versionCode="1"
5    android:versionName="1.0" >
6
7    <uses-sdk
8        android:minSdkVersion="14"
8-->src\main\AndroidManifest.xml
9        android:targetSdkVersion="29" />
9-->src\main\AndroidManifest.xml
10    <!-- 百度地图权限 -->
11    <uses-permission android:name="com.android.launcher.permission.READ_SETTINGS" />
11-->src\main\AndroidManifest.xml:5:5-85
11-->src\main\AndroidManifest.xml:5:22-82
12    <uses-permission android:name="android.permission.WAKE_LOCK" />
12-->src\main\AndroidManifest.xml:6:5-67
12-->src\main\AndroidManifest.xml:6:22-65
13    <uses-permission android:name="android.permission.CHANGE_WIFI_STATE" />
13-->src\main\AndroidManifest.xml:7:5-76
13-->src\main\AndroidManifest.xml:7:22-73
14    <uses-permission android:name="android.permission.GET_TASKS" />
14-->src\main\AndroidManifest.xml:8:5-68
14-->src\main\AndroidManifest.xml:8:22-65
15    <uses-permission android:name="com.android.launcher.permission.READ_SETTINGS" />
15-->src\main\AndroidManifest.xml:5:5-85
15-->src\main\AndroidManifest.xml:5:22-82
16    <!-- 这个权限用于进行网络定位 -->
17    <uses-permission android:name="android.permission.ACCESS_COARSE_LOCATION" />
17-->src\main\AndroidManifest.xml:11:5-81
17-->src\main\AndroidManifest.xml:11:22-78
18    <!-- 这个权限用于访问GPS定位 -->
19    <uses-permission android:name="android.permission.ACCESS_FINE_LOCATION" />
19-->src\main\AndroidManifest.xml:13:5-79
19-->src\main\AndroidManifest.xml:13:22-76
20    <!-- 用于访问wifi网络信息，wifi信息会用于进行网络定位 -->
21    <uses-permission android:name="android.permission.ACCESS_WIFI_STATE" />
21-->src\main\AndroidManifest.xml:15:5-76
21-->src\main\AndroidManifest.xml:15:22-73
22    <!-- 获取运营商信息，用于支持提供运营商信息相关的接口 -->
23    <uses-permission android:name="android.permission.ACCESS_NETWORK_STATE" />
23-->src\main\AndroidManifest.xml:17:5-79
23-->src\main\AndroidManifest.xml:17:22-76
24    <!-- 用于读取手机当前的状态 -->
25    <uses-permission android:name="android.permission.READ_PHONE_STATE" />
25-->src\main\AndroidManifest.xml:19:5-75
25-->src\main\AndroidManifest.xml:19:22-72
26    <!-- 写入扩展存储，向扩展卡写入数据，用于写入离线定位数据 -->
27    <uses-permission android:name="android.permission.WRITE_EXTERNAL_STORAGE" />
27-->src\main\AndroidManifest.xml:21:5-81
27-->src\main\AndroidManifest.xml:21:22-78
28    <!-- 访问网络，网络定位需要上网 -->
29    <uses-permission android:name="android.permission.INTERNET" />
29-->src\main\AndroidManifest.xml:23:5-67
29-->src\main\AndroidManifest.xml:23:22-64
30
31    <application
31-->src\main\AndroidManifest.xml:25:5-46:19
32        android:name="com.example.baidumaptest.DemoApplication"
32-->src\main\AndroidManifest.xml:32:9-40
33        android:allowBackup="true"
33-->src\main\AndroidManifest.xml:26:9-35
34        android:appComponentFactory="androidx.core.app.CoreComponentFactory"
34-->[androidx.core:core:1.1.0] AndroidManifest.xml:24:18-86
35        android:debuggable="true"
36        android:icon="@mipmap/ic_launcher"
36-->src\main\AndroidManifest.xml:27:9-43
37        android:label="@string/app_name"
37-->src\main\AndroidManifest.xml:28:9-41
38        android:roundIcon="@mipmap/ic_launcher_round"
38-->src\main\AndroidManifest.xml:29:9-54
39        android:supportsRtl="true"
39-->src\main\AndroidManifest.xml:30:9-35
40        android:testOnly="true"
41        android:theme="@style/AppTheme" >
41-->src\main\AndroidManifest.xml:31:9-40
42        <meta-data
42-->src\main\AndroidManifest.xml:33:9-35:64
43            android:name="com.baidu.lbsapi.API_KEY"
43-->src\main\AndroidManifest.xml:34:13-52
44            android:value="naZEXbbCOCqayVczfHqZwMI81T6k7oUa" />
44-->src\main\AndroidManifest.xml:35:13-61
45
46        <service
46-->src\main\AndroidManifest.xml:36:9-38:40
47            android:name="com.baidu.location.f"
47-->src\main\AndroidManifest.xml:36:18-53
48            android:enabled="true"
48-->src\main\AndroidManifest.xml:37:13-35
49            android:process=":remote" />
49-->src\main\AndroidManifest.xml:38:13-38
50
51        <activity android:name="com.example.baidumaptest.MainActivity" >
51-->src\main\AndroidManifest.xml:39:9-45:20
51-->src\main\AndroidManifest.xml:39:19-47
52            <intent-filter>
52-->src\main\AndroidManifest.xml:40:13-44:29
53                <action android:name="android.intent.action.MAIN" />
53-->src\main\AndroidManifest.xml:41:17-69
53-->src\main\AndroidManifest.xml:41:25-66
54
55                <category android:name="android.intent.category.LAUNCHER" />
55-->src\main\AndroidManifest.xml:43:17-77
55-->src\main\AndroidManifest.xml:43:27-74
56            </intent-filter>
57        </activity>
58    </application>
59
60</manifest>